Sample processed row:
                                          clean_text  label
0  i dont think im getting my baby them white 9 h...      0
1  we cannot continue calling ourselves feminists...      0
2                      nawt yall niggers ignoring me      0
3  user i am bit confused coz chinese ppl can not...      1
4  this bitch in whataburger eating a burger with...      1
{'loss': 0.6693, 'grad_norm': 1.8163737058639526, 'learning_rate': 1.995138888888889e-05, 'epoch': 0.05}
{'loss': 0.6007, 'grad_norm': 2.686349391937256, 'learning_rate': 1.9901785714285715e-05, 'epoch': 0.1}
{'loss': 0.5824, 'grad_norm': 2.679603338241577, 'learning_rate': 1.985218253968254e-05, 'epoch': 0.15}
{'loss': 0.5716, 'grad_norm': 3.9505865573883057, 'learning_rate': 1.9802579365079367e-05, 'epoch': 0.2}
{'loss': 0.5296, 'grad_norm': 5.755943298339844, 'learning_rate': 1.975297619047619e-05, 'epoch': 0.25}
{'loss': 0.4722, 'grad_norm': 6.862400531768799, 'learning_rate': 1.9703373015873016e-05, 'epoch': 0.3}
{'loss': 0.5664, 'grad_norm': 3.1835885047912598, 'learning_rate': 1.9654761904761905e-05, 'epoch': 0.35}
{'loss': 0.5107, 'grad_norm': 3.9245784282684326, 'learning_rate': 1.960515873015873e-05, 'epoch': 0.4}
{'loss': 0.5077, 'grad_norm': 7.401317119598389, 'learning_rate': 1.9555555555555557e-05, 'epoch': 0.45}
{'loss': 0.4986, 'grad_norm': 4.352968692779541, 'learning_rate': 1.950595238095238e-05, 'epoch': 0.5}
{'loss': 0.5219, 'grad_norm': 3.0907890796661377, 'learning_rate': 1.945634920634921e-05, 'epoch': 0.55}
{'loss': 0.5023, 'grad_norm': 4.517261505126953, 'learning_rate': 1.9406746031746033e-05, 'epoch': 0.6}
{'loss': 0.4857, 'grad_norm': 2.9781293869018555, 'learning_rate': 1.9357142857142858e-05, 'epoch': 0.64}
{'loss': 0.4934, 'grad_norm': 3.677365303039551, 'learning_rate': 1.9307539682539685e-05, 'epoch': 0.69}
{'loss': 0.5101, 'grad_norm': 3.3359243869781494, 'learning_rate': 1.925793650793651e-05, 'epoch': 0.74}
{'loss': 0.4658, 'grad_norm': 3.328413486480713, 'learning_rate': 1.9208333333333337e-05, 'epoch': 0.79}
{'loss': 0.4734, 'grad_norm': 3.677091598510742, 'learning_rate': 1.915873015873016e-05, 'epoch': 0.84}
{'loss': 0.5145, 'grad_norm': 6.0810112953186035, 'learning_rate': 1.9109126984126986e-05, 'epoch': 0.89}
{'loss': 0.4721, 'grad_norm': 3.401365041732788, 'learning_rate': 1.905952380952381e-05, 'epoch': 0.94}
{'loss': 0.4391, 'grad_norm': 5.17095422744751, 'learning_rate': 1.9009920634920634e-05, 'epoch': 0.99}
{'eval_loss': 0.4962252676486969, 'eval_accuracy': 0.773697270471464, 'eval_runtime': 2.1316, 'eval_samples_per_second': 1890.638, 'eval_steps_per_second': 118.223, 'epoch': 1.0}
{'loss': 0.384, 'grad_norm': 2.9740443229675293, 'learning_rate': 1.8960317460317462e-05, 'epoch': 1.04}
{'loss': 0.4246, 'grad_norm': 3.507155656814575, 'learning_rate': 1.8910714285714286e-05, 'epoch': 1.09}
{'loss': 0.4236, 'grad_norm': 4.54771614074707, 'learning_rate': 1.8861111111111114e-05, 'epoch': 1.14}
{'loss': 0.4123, 'grad_norm': 8.552518844604492, 'learning_rate': 1.8811507936507938e-05, 'epoch': 1.19}
{'loss': 0.3802, 'grad_norm': 2.751530885696411, 'learning_rate': 1.8761904761904762e-05, 'epoch': 1.24}
{'loss': 0.4301, 'grad_norm': 6.369096755981445, 'learning_rate': 1.871230158730159e-05, 'epoch': 1.29}
{'loss': 0.4246, 'grad_norm': 3.9658844470977783, 'learning_rate': 1.8663690476190476e-05, 'epoch': 1.34}
{'loss': 0.373, 'grad_norm': 5.127078533172607, 'learning_rate': 1.8614087301587304e-05, 'epoch': 1.39}
{'loss': 0.4171, 'grad_norm': 4.913084506988525, 'learning_rate': 1.8564484126984128e-05, 'epoch': 1.44}
{'loss': 0.4308, 'grad_norm': 8.315208435058594, 'learning_rate': 1.8514880952380952e-05, 'epoch': 1.49}
{'loss': 0.3716, 'grad_norm': 6.949559211730957, 'learning_rate': 1.846527777777778e-05, 'epoch': 1.54}
{'loss': 0.4264, 'grad_norm': 7.552481651306152, 'learning_rate': 1.8415674603174604e-05, 'epoch': 1.59}
{'loss': 0.3842, 'grad_norm': 6.221029758453369, 'learning_rate': 1.836607142857143e-05, 'epoch': 1.64}
{'loss': 0.4463, 'grad_norm': 8.973134994506836, 'learning_rate': 1.8316468253968256e-05, 'epoch': 1.69}
{'loss': 0.4239, 'grad_norm': 5.461731433868408, 'learning_rate': 1.826686507936508e-05, 'epoch': 1.74}
{'loss': 0.3992, 'grad_norm': 5.116355895996094, 'learning_rate': 1.8217261904761908e-05, 'epoch': 1.79}
{'loss': 0.4194, 'grad_norm': 8.067140579223633, 'learning_rate': 1.8167658730158732e-05, 'epoch': 1.84}
{'loss': 0.4212, 'grad_norm': 5.285398006439209, 'learning_rate': 1.8118055555555556e-05, 'epoch': 1.88}
{'loss': 0.4183, 'grad_norm': 5.533576965332031, 'learning_rate': 1.806845238095238e-05, 'epoch': 1.93}
{'loss': 0.4051, 'grad_norm': 5.758559226989746, 'learning_rate': 1.8018849206349208e-05, 'epoch': 1.98}
{'eval_loss': 0.5065866112709045, 'eval_accuracy': 0.7704714640198511, 'eval_runtime': 2.1076, 'eval_samples_per_second': 1912.147, 'eval_steps_per_second': 119.568, 'epoch': 2.0}
{'loss': 0.3673, 'grad_norm': 9.343955039978027, 'learning_rate': 1.7969246031746032e-05, 'epoch': 2.03}
{'loss': 0.2826, 'grad_norm': 8.202208518981934, 'learning_rate': 1.7919642857142857e-05, 'epoch': 2.08}
{'loss': 0.3086, 'grad_norm': 4.835061550140381, 'learning_rate': 1.7870039682539684e-05, 'epoch': 2.13}
{'loss': 0.3051, 'grad_norm': 6.466001033782959, 'learning_rate': 1.782043650793651e-05, 'epoch': 2.18}
{'loss': 0.2668, 'grad_norm': 3.57285213470459, 'learning_rate': 1.7770833333333336e-05, 'epoch': 2.23}
{'loss': 0.3083, 'grad_norm': 5.002655506134033, 'learning_rate': 1.772123015873016e-05, 'epoch': 2.28}
{'loss': 0.2872, 'grad_norm': 6.879384517669678, 'learning_rate': 1.7671626984126985e-05, 'epoch': 2.33}
{'loss': 0.3073, 'grad_norm': 9.53097915649414, 'learning_rate': 1.7622023809523812e-05, 'epoch': 2.38}
{'loss': 0.2546, 'grad_norm': 6.011934280395508, 'learning_rate': 1.7572420634920636e-05, 'epoch': 2.43}
{'loss': 0.2835, 'grad_norm': 10.602505683898926, 'learning_rate': 1.7522817460317464e-05, 'epoch': 2.48}
{'loss': 0.3439, 'grad_norm': 11.481456756591797, 'learning_rate': 1.7473214285714285e-05, 'epoch': 2.53}
{'loss': 0.2869, 'grad_norm': 15.76180362701416, 'learning_rate': 1.7423611111111113e-05, 'epoch': 2.58}
{'loss': 0.2802, 'grad_norm': 10.560348510742188, 'learning_rate': 1.7374007936507937e-05, 'epoch': 2.63}
{'loss': 0.3094, 'grad_norm': 11.71619987487793, 'learning_rate': 1.7324404761904764e-05, 'epoch': 2.68}
{'loss': 0.3082, 'grad_norm': 7.688663005828857, 'learning_rate': 1.727480158730159e-05, 'epoch': 2.73}
{'loss': 0.3096, 'grad_norm': 11.918423652648926, 'learning_rate': 1.7225198412698413e-05, 'epoch': 2.78}
{'loss': 0.2829, 'grad_norm': 7.791075229644775, 'learning_rate': 1.717559523809524e-05, 'epoch': 2.83}
{'loss': 0.3506, 'grad_norm': 7.830275535583496, 'learning_rate': 1.7125992063492065e-05, 'epoch': 2.88}
{'loss': 0.3229, 'grad_norm': 8.220075607299805, 'learning_rate': 1.707638888888889e-05, 'epoch': 2.93}
{'loss': 0.3264, 'grad_norm': 8.702041625976562, 'learning_rate': 1.7026785714285717e-05, 'epoch': 2.98}
{'eval_loss': 0.5538873672485352, 'eval_accuracy': 0.771712158808933, 'eval_runtime': 2.1078, 'eval_samples_per_second': 1911.98, 'eval_steps_per_second': 119.558, 'epoch': 3.0}
{'loss': 0.2257, 'grad_norm': 18.878803253173828, 'learning_rate': 1.697718253968254e-05, 'epoch': 3.03}
{'loss': 0.1592, 'grad_norm': 19.113645553588867, 'learning_rate': 1.692757936507937e-05, 'epoch': 3.08}
{'loss': 0.2076, 'grad_norm': 16.366313934326172, 'learning_rate': 1.6877976190476193e-05, 'epoch': 3.12}
{'loss': 0.1946, 'grad_norm': 1.99657142162323, 'learning_rate': 1.6828373015873017e-05, 'epoch': 3.17}
{'loss': 0.1935, 'grad_norm': 13.127872467041016, 'learning_rate': 1.677876984126984e-05, 'epoch': 3.22}
{'loss': 0.2095, 'grad_norm': 19.71257781982422, 'learning_rate': 1.672916666666667e-05, 'epoch': 3.27}
{'loss': 0.2451, 'grad_norm': 15.92153263092041, 'learning_rate': 1.6679563492063493e-05, 'epoch': 3.32}
{'loss': 0.1681, 'grad_norm': 1.3797527551651, 'learning_rate': 1.6630952380952383e-05, 'epoch': 3.37}
{'loss': 0.182, 'grad_norm': 0.38163334131240845, 'learning_rate': 1.6581349206349207e-05, 'epoch': 3.42}
{'loss': 0.2726, 'grad_norm': 17.70708465576172, 'learning_rate': 1.653174603174603e-05, 'epoch': 3.47}
{'loss': 0.2083, 'grad_norm': inf, 'learning_rate': 1.648214285714286e-05, 'epoch': 3.52}
{'loss': 0.2148, 'grad_norm': 11.313933372497559, 'learning_rate': 1.643353174603175e-05, 'epoch': 3.57}
{'loss': 0.2146, 'grad_norm': 15.683972358703613, 'learning_rate': 1.6383928571428573e-05, 'epoch': 3.62}
{'loss': 0.2151, 'grad_norm': 10.8400297164917, 'learning_rate': 1.63343253968254e-05, 'epoch': 3.67}
{'loss': 0.2048, 'grad_norm': 33.56008529663086, 'learning_rate': 1.6284722222222225e-05, 'epoch': 3.72}
{'loss': 0.1804, 'grad_norm': 19.321502685546875, 'learning_rate': 1.623511904761905e-05, 'epoch': 3.77}
{'loss': 0.2487, 'grad_norm': 20.202577590942383, 'learning_rate': 1.6185515873015873e-05, 'epoch': 3.82}
{'loss': 0.2682, 'grad_norm': 13.502961158752441, 'learning_rate': 1.6135912698412697e-05, 'epoch': 3.87}
{'loss': 0.1856, 'grad_norm': 16.641475677490234, 'learning_rate': 1.6086309523809525e-05, 'epoch': 3.92}
{'loss': 0.2136, 'grad_norm': 0.4205056428909302, 'learning_rate': 1.603670634920635e-05, 'epoch': 3.97}
{'eval_loss': 0.7828438878059387, 'eval_accuracy': 0.760545905707196, 'eval_runtime': 2.1073, 'eval_samples_per_second': 1912.409, 'eval_steps_per_second': 119.585, 'epoch': 4.0}
{'loss': 0.1704, 'grad_norm': 10.816838264465332, 'learning_rate': 1.5987103174603177e-05, 'epoch': 4.02}
{'loss': 0.1135, 'grad_norm': 3.2851998805999756, 'learning_rate': 1.59375e-05, 'epoch': 4.07}
{'loss': 0.151, 'grad_norm': 1.110839605331421, 'learning_rate': 1.5887896825396825e-05, 'epoch': 4.12}
{'loss': 0.0873, 'grad_norm': 1.9742151498794556, 'learning_rate': 1.5838293650793653e-05, 'epoch': 4.17}
{'loss': 0.1258, 'grad_norm': 25.743846893310547, 'learning_rate': 1.5788690476190477e-05, 'epoch': 4.22}
{'loss': 0.1572, 'grad_norm': 6.689507961273193, 'learning_rate': 1.5739087301587305e-05, 'epoch': 4.27}
{'loss': 0.1306, 'grad_norm': 0.09709211438894272, 'learning_rate': 1.568948412698413e-05, 'epoch': 4.32}
{'loss': 0.2148, 'grad_norm': 7.186932563781738, 'learning_rate': 1.5639880952380953e-05, 'epoch': 4.37}
{'loss': 0.1437, 'grad_norm': 22.098617553710938, 'learning_rate': 1.5590277777777778e-05, 'epoch': 4.41}
{'loss': 0.147, 'grad_norm': 32.715702056884766, 'learning_rate': 1.5540674603174605e-05, 'epoch': 4.46}
{'loss': 0.1757, 'grad_norm': 23.001840591430664, 'learning_rate': 1.549107142857143e-05, 'epoch': 4.51}
{'loss': 0.1212, 'grad_norm': 45.79574203491211, 'learning_rate': 1.5441468253968254e-05, 'epoch': 4.56}
{'loss': 0.1542, 'grad_norm': 1.9650293588638306, 'learning_rate': 1.539186507936508e-05, 'epoch': 4.61}
{'loss': 0.1703, 'grad_norm': 0.954391598701477, 'learning_rate': 1.5342261904761906e-05, 'epoch': 4.66}
{'loss': 0.1764, 'grad_norm': 1.2638639211654663, 'learning_rate': 1.529265873015873e-05, 'epoch': 4.71}
{'loss': 0.1537, 'grad_norm': 38.147178649902344, 'learning_rate': 1.5243055555555558e-05, 'epoch': 4.76}
{'loss': 0.1637, 'grad_norm': 0.5450052618980408, 'learning_rate': 1.5193452380952383e-05, 'epoch': 4.81}
{'loss': 0.1581, 'grad_norm': 28.541332244873047, 'learning_rate': 1.5143849206349208e-05, 'epoch': 4.86}
{'loss': 0.1026, 'grad_norm': 24.655603408813477, 'learning_rate': 1.5094246031746034e-05, 'epoch': 4.91}
{'loss': 0.1634, 'grad_norm': 14.057701110839844, 'learning_rate': 1.5045634920634922e-05, 'epoch': 4.96}
{'eval_loss': 1.1509829759597778, 'eval_accuracy': 0.7555831265508685, 'eval_runtime': 2.1102, 'eval_samples_per_second': 1909.728, 'eval_steps_per_second': 119.417, 'epoch': 5.0}
{'loss': 0.2252, 'grad_norm': 0.43529605865478516, 'learning_rate': 1.4996031746031747e-05, 'epoch': 5.01}
{'loss': 0.115, 'grad_norm': 26.65067481994629, 'learning_rate': 1.4946428571428573e-05, 'epoch': 5.06}
{'loss': 0.1025, 'grad_norm': 3.766160488128662, 'learning_rate': 1.4896825396825398e-05, 'epoch': 5.11}
{'loss': 0.0953, 'grad_norm': 6.537167549133301, 'learning_rate': 1.4847222222222224e-05, 'epoch': 5.16}
{'loss': 0.1032, 'grad_norm': 57.98316955566406, 'learning_rate': 1.479761904761905e-05, 'epoch': 5.21}
{'loss': 0.0893, 'grad_norm': 10.36756420135498, 'learning_rate': 1.4748015873015875e-05, 'epoch': 5.26}
{'loss': 0.1059, 'grad_norm': 0.0858340784907341, 'learning_rate': 1.4698412698412701e-05, 'epoch': 5.31}
{'loss': 0.1002, 'grad_norm': 38.30769348144531, 'learning_rate': 1.4648809523809524e-05, 'epoch': 5.36}
{'loss': 0.0559, 'grad_norm': 26.286542892456055, 'learning_rate': 1.459920634920635e-05, 'epoch': 5.41}
{'loss': 0.1127, 'grad_norm': 0.9551935791969299, 'learning_rate': 1.4549603174603176e-05, 'epoch': 5.46}
{'loss': 0.1092, 'grad_norm': 3.324836492538452, 'learning_rate': 1.45e-05, 'epoch': 5.51}
{'loss': 0.1073, 'grad_norm': 30.078433990478516, 'learning_rate': 1.4450396825396826e-05, 'epoch': 5.56}
{'loss': 0.1072, 'grad_norm': 0.37028801441192627, 'learning_rate': 1.4400793650793652e-05, 'epoch': 5.61}
{'loss': 0.1332, 'grad_norm': 1.7112510204315186, 'learning_rate': 1.4351190476190478e-05, 'epoch': 5.65}
{'loss': 0.0806, 'grad_norm': 55.52506637573242, 'learning_rate': 1.4301587301587304e-05, 'epoch': 5.7}
{'loss': 0.1038, 'grad_norm': 34.65270233154297, 'learning_rate': 1.4251984126984128e-05, 'epoch': 5.75}
{'loss': 0.0958, 'grad_norm': 4.392791271209717, 'learning_rate': 1.4202380952380954e-05, 'epoch': 5.8}
{'loss': 0.1642, 'grad_norm': 11.169096946716309, 'learning_rate': 1.415277777777778e-05, 'epoch': 5.85}
{'loss': 0.1, 'grad_norm': 6.091921806335449, 'learning_rate': 1.4103174603174606e-05, 'epoch': 5.9}
{'loss': 0.1242, 'grad_norm': 0.6316770315170288, 'learning_rate': 1.4053571428571428e-05, 'epoch': 5.95}
{'eval_loss': 1.3763536214828491, 'eval_accuracy': 0.750620347394541, 'eval_runtime': 2.1114, 'eval_samples_per_second': 1908.708, 'eval_steps_per_second': 119.353, 'epoch': 6.0}
{'loss': 0.0837, 'grad_norm': 15.690503120422363, 'learning_rate': 1.4003968253968254e-05, 'epoch': 6.0}
{'loss': 0.0752, 'grad_norm': 10.011004447937012, 'learning_rate': 1.395436507936508e-05, 'epoch': 6.05}
{'loss': 0.0821, 'grad_norm': 56.22309112548828, 'learning_rate': 1.3904761904761905e-05, 'epoch': 6.1}
{'loss': 0.0414, 'grad_norm': 0.045253753662109375, 'learning_rate': 1.385515873015873e-05, 'epoch': 6.15}
{'loss': 0.0515, 'grad_norm': 0.19856701791286469, 'learning_rate': 1.3805555555555556e-05, 'epoch': 6.2}
{'loss': 0.0311, 'grad_norm': 0.14679700136184692, 'learning_rate': 1.3755952380952382e-05, 'epoch': 6.25}
{'loss': 0.0628, 'grad_norm': 12.937481880187988, 'learning_rate': 1.3706349206349208e-05, 'epoch': 6.3}
{'loss': 0.0689, 'grad_norm': 34.197566986083984, 'learning_rate': 1.3656746031746033e-05, 'epoch': 6.35}
{'loss': 0.0754, 'grad_norm': 0.029638314619660378, 'learning_rate': 1.3607142857142859e-05, 'epoch': 6.4}
{'loss': 0.0661, 'grad_norm': 0.05689220875501633, 'learning_rate': 1.3557539682539684e-05, 'epoch': 6.45}
{'loss': 0.081, 'grad_norm': 2.4745678901672363, 'learning_rate': 1.350793650793651e-05, 'epoch': 6.5}
{'loss': 0.0406, 'grad_norm': 0.014952233992516994, 'learning_rate': 1.3458333333333335e-05, 'epoch': 6.55}
{'loss': 0.0677, 'grad_norm': 61.576454162597656, 'learning_rate': 1.3408730158730159e-05, 'epoch': 6.6}
{'loss': 0.1247, 'grad_norm': 62.23102569580078, 'learning_rate': 1.3359126984126985e-05, 'epoch': 6.65}
{'loss': 0.0888, 'grad_norm': 46.85199737548828, 'learning_rate': 1.330952380952381e-05, 'epoch': 6.7}
{'loss': 0.0523, 'grad_norm': 0.04709804803133011, 'learning_rate': 1.3259920634920635e-05, 'epoch': 6.75}
{'loss': 0.095, 'grad_norm': 19.238576889038086, 'learning_rate': 1.3210317460317461e-05, 'epoch': 6.8}
{'loss': 0.0858, 'grad_norm': 0.056896910071372986, 'learning_rate': 1.3160714285714287e-05, 'epoch': 6.85}
{'loss': 0.0894, 'grad_norm': 91.5989761352539, 'learning_rate': 1.3111111111111113e-05, 'epoch': 6.89}
{'loss': 0.0995, 'grad_norm': 43.77949905395508, 'learning_rate': 1.3061507936507937e-05, 'epoch': 6.94}
{'loss': 0.0997, 'grad_norm': 2.5482282638549805, 'learning_rate': 1.3011904761904763e-05, 'epoch': 6.99}
{'eval_loss': 1.440792441368103, 'eval_accuracy': 0.7518610421836228, 'eval_runtime': 2.112, 'eval_samples_per_second': 1908.149, 'eval_steps_per_second': 119.319, 'epoch': 7.0}
{'loss': 0.0618, 'grad_norm': 6.675509929656982, 'learning_rate': 1.2962301587301589e-05, 'epoch': 7.04}
{'loss': 0.0739, 'grad_norm': 15.960314750671387, 'learning_rate': 1.2912698412698415e-05, 'epoch': 7.09}
{'loss': 0.0383, 'grad_norm': 0.021997934207320213, 'learning_rate': 1.286309523809524e-05, 'epoch': 7.14}
{'loss': 0.0617, 'grad_norm': 0.026330463588237762, 'learning_rate': 1.2814484126984129e-05, 'epoch': 7.19}
{'loss': 0.0441, 'grad_norm': 0.47380268573760986, 'learning_rate': 1.2764880952380953e-05, 'epoch': 7.24}
{'loss': 0.0407, 'grad_norm': 0.16293378174304962, 'learning_rate': 1.2715277777777779e-05, 'epoch': 7.29}
{'loss': 0.1121, 'grad_norm': 0.21929419040679932, 'learning_rate': 1.2665674603174605e-05, 'epoch': 7.34}
{'loss': 0.0649, 'grad_norm': 2.1448862552642822, 'learning_rate': 1.261607142857143e-05, 'epoch': 7.39}
{'loss': 0.0562, 'grad_norm': 0.14598025381565094, 'learning_rate': 1.2566468253968255e-05, 'epoch': 7.44}
{'loss': 0.0686, 'grad_norm': 75.06816101074219, 'learning_rate': 1.2516865079365081e-05, 'epoch': 7.49}
{'loss': 0.034, 'grad_norm': 68.3064956665039, 'learning_rate': 1.2467261904761905e-05, 'epoch': 7.54}
{'loss': 0.0932, 'grad_norm': 21.260812759399414, 'learning_rate': 1.2417658730158731e-05, 'epoch': 7.59}
{'loss': 0.0641, 'grad_norm': 0.2309289276599884, 'learning_rate': 1.2368055555555555e-05, 'epoch': 7.64}
{'loss': 0.0717, 'grad_norm': 6.986818313598633, 'learning_rate': 1.2318452380952381e-05, 'epoch': 7.69}
{'loss': 0.059, 'grad_norm': 0.016777286306023598, 'learning_rate': 1.2268849206349207e-05, 'epoch': 7.74}
{'loss': 0.075, 'grad_norm': 24.467205047607422, 'learning_rate': 1.2219246031746033e-05, 'epoch': 7.79}
{'loss': 0.0386, 'grad_norm': 0.06750980764627457, 'learning_rate': 1.2169642857142857e-05, 'epoch': 7.84}
{'loss': 0.0483, 'grad_norm': 0.012011238373816013, 'learning_rate': 1.2120039682539683e-05, 'epoch': 7.89}
{'loss': 0.0859, 'grad_norm': 0.08883485943078995, 'learning_rate': 1.207043650793651e-05, 'epoch': 7.94}
{'loss': 0.0678, 'grad_norm': 0.01513407938182354, 'learning_rate': 1.2020833333333335e-05, 'epoch': 7.99}
{'eval_loss': 1.641204595565796, 'eval_accuracy': 0.7518610421836228, 'eval_runtime': 2.114, 'eval_samples_per_second': 1906.378, 'eval_steps_per_second': 119.208, 'epoch': 8.0}
{'loss': 0.0676, 'grad_norm': 0.012194168753921986, 'learning_rate': 1.1971230158730161e-05, 'epoch': 8.04}
{'loss': 0.0609, 'grad_norm': 0.012230881489813328, 'learning_rate': 1.1921626984126985e-05, 'epoch': 8.09}
{'loss': 0.0576, 'grad_norm': 7.4141645431518555, 'learning_rate': 1.187202380952381e-05, 'epoch': 8.13}
{'loss': 0.0378, 'grad_norm': 100.43490600585938, 'learning_rate': 1.1822420634920636e-05, 'epoch': 8.18}
{'loss': 0.0142, 'grad_norm': 26.494714736938477, 'learning_rate': 1.177281746031746e-05, 'epoch': 8.23}
{'loss': 0.0551, 'grad_norm': 104.66395568847656, 'learning_rate': 1.1723214285714286e-05, 'epoch': 8.28}
{'loss': 0.0491, 'grad_norm': 102.61270904541016, 'learning_rate': 1.1673611111111112e-05, 'epoch': 8.33}
{'loss': 0.0615, 'grad_norm': 52.66849899291992, 'learning_rate': 1.1624007936507938e-05, 'epoch': 8.38}
{'loss': 0.0521, 'grad_norm': 49.30717849731445, 'learning_rate': 1.1574404761904764e-05, 'epoch': 8.43}
{'loss': 0.0488, 'grad_norm': 16.490468978881836, 'learning_rate': 1.1524801587301588e-05, 'epoch': 8.48}
{'loss': 0.0332, 'grad_norm': 0.6034480929374695, 'learning_rate': 1.1475198412698414e-05, 'epoch': 8.53}
{'loss': 0.0264, 'grad_norm': 0.6737266182899475, 'learning_rate': 1.142559523809524e-05, 'epoch': 8.58}
{'loss': 0.056, 'grad_norm': 0.016029799357056618, 'learning_rate': 1.1376984126984128e-05, 'epoch': 8.63}
{'loss': 0.0375, 'grad_norm': 0.15676066279411316, 'learning_rate': 1.1327380952380954e-05, 'epoch': 8.68}
{'loss': 0.0209, 'grad_norm': 0.2711458206176758, 'learning_rate': 1.1277777777777778e-05, 'epoch': 8.73}
{'loss': 0.049, 'grad_norm': 0.00848071463406086, 'learning_rate': 1.1228174603174604e-05, 'epoch': 8.78}
{'loss': 0.0607, 'grad_norm': 8.44615650177002, 'learning_rate': 1.117857142857143e-05, 'epoch': 8.83}
{'loss': 0.0581, 'grad_norm': 0.016787089407444, 'learning_rate': 1.1128968253968256e-05, 'epoch': 8.88}
{'loss': 0.0274, 'grad_norm': 0.040009964257478714, 'learning_rate': 1.1079365079365082e-05, 'epoch': 8.93}
{'loss': 0.0587, 'grad_norm': 1.8435721397399902, 'learning_rate': 1.1029761904761906e-05, 'epoch': 8.98}
{'eval_loss': 1.665614366531372, 'eval_accuracy': 0.758560794044665, 'eval_runtime': 2.1143, 'eval_samples_per_second': 1906.05, 'eval_steps_per_second': 119.187, 'epoch': 9.0}
{'loss': 0.0504, 'grad_norm': 0.04158341512084007, 'learning_rate': 1.0980158730158732e-05, 'epoch': 9.03}
{'loss': 0.031, 'grad_norm': 0.023480093106627464, 'learning_rate': 1.0930555555555556e-05, 'epoch': 9.08}
{'loss': 0.0343, 'grad_norm': 0.009155377745628357, 'learning_rate': 1.088095238095238e-05, 'epoch': 9.13}
{'loss': 0.0374, 'grad_norm': 0.2309962958097458, 'learning_rate': 1.0831349206349206e-05, 'epoch': 9.18}
{'loss': 0.0414, 'grad_norm': 0.009799540974199772, 'learning_rate': 1.0781746031746032e-05, 'epoch': 9.23}
{'loss': 0.0214, 'grad_norm': 0.009320707060396671, 'learning_rate': 1.0732142857142858e-05, 'epoch': 9.28}
{'loss': 0.0216, 'grad_norm': 0.0073701427318155766, 'learning_rate': 1.0682539682539684e-05, 'epoch': 9.33}
{'loss': 0.0179, 'grad_norm': 0.012226058170199394, 'learning_rate': 1.0632936507936508e-05, 'epoch': 9.38}
{'loss': 0.0266, 'grad_norm': 0.046975359320640564, 'learning_rate': 1.0583333333333334e-05, 'epoch': 9.42}
{'loss': 0.0575, 'grad_norm': 0.9376949667930603, 'learning_rate': 1.053373015873016e-05, 'epoch': 9.47}
{'loss': 0.0526, 'grad_norm': 1.5519002676010132, 'learning_rate': 1.0484126984126986e-05, 'epoch': 9.52}
{'loss': 0.0387, 'grad_norm': 1.0329477787017822, 'learning_rate': 1.043452380952381e-05, 'epoch': 9.57}
{'loss': 0.0381, 'grad_norm': 0.012642222456634045, 'learning_rate': 1.0384920634920636e-05, 'epoch': 9.62}
{'loss': 0.0372, 'grad_norm': 0.6266700625419617, 'learning_rate': 1.0335317460317462e-05, 'epoch': 9.67}
{'loss': 0.0116, 'grad_norm': 0.005659379530698061, 'learning_rate': 1.0285714285714285e-05, 'epoch': 9.72}
{'loss': 0.0225, 'grad_norm': 0.028824876993894577, 'learning_rate': 1.023611111111111e-05, 'epoch': 9.77}
{'loss': 0.0748, 'grad_norm': 0.00518887210637331, 'learning_rate': 1.0186507936507937e-05, 'epoch': 9.82}
{'loss': 0.0132, 'grad_norm': 0.0029318290762603283, 'learning_rate': 1.0136904761904763e-05, 'epoch': 9.87}
{'loss': 0.0658, 'grad_norm': 0.015216413885354996, 'learning_rate': 1.0087301587301589e-05, 'epoch': 9.92}
{'loss': 0.0525, 'grad_norm': 0.006340267136693001, 'learning_rate': 1.0037698412698413e-05, 'epoch': 9.97}
{'eval_loss': 1.7336034774780273, 'eval_accuracy': 0.7578163771712159, 'eval_runtime': 2.1084, 'eval_samples_per_second': 1911.384, 'eval_steps_per_second': 119.521, 'epoch': 10.0}
{'loss': 0.0505, 'grad_norm': 0.007022549398243427, 'learning_rate': 9.988095238095239e-06, 'epoch': 10.02}
{'loss': 0.0164, 'grad_norm': 0.020232640206813812, 'learning_rate': 9.938492063492065e-06, 'epoch': 10.07}
{'loss': 0.0134, 'grad_norm': 0.0106740677729249, 'learning_rate': 9.88888888888889e-06, 'epoch': 10.12}
{'loss': 0.0103, 'grad_norm': 0.06645432114601135, 'learning_rate': 9.839285714285715e-06, 'epoch': 10.17}
{'loss': 0.0266, 'grad_norm': 0.149348646402359, 'learning_rate': 9.78968253968254e-06, 'epoch': 10.22}
{'loss': 0.0297, 'grad_norm': 0.039483219385147095, 'learning_rate': 9.740079365079365e-06, 'epoch': 10.27}
{'loss': 0.0365, 'grad_norm': 0.3932208716869354, 'learning_rate': 9.690476190476191e-06, 'epoch': 10.32}
{'loss': 0.0478, 'grad_norm': 92.45552062988281, 'learning_rate': 9.640873015873017e-06, 'epoch': 10.37}
{'loss': 0.0341, 'grad_norm': 0.004151963163167238, 'learning_rate': 9.591269841269843e-06, 'epoch': 10.42}
{'loss': 0.0045, 'grad_norm': 2.477079391479492, 'learning_rate': 9.541666666666669e-06, 'epoch': 10.47}
{'loss': 0.0538, 'grad_norm': 0.007127769291400909, 'learning_rate': 9.492063492063493e-06, 'epoch': 10.52}
{'loss': 0.0307, 'grad_norm': 0.8208247423171997, 'learning_rate': 9.442460317460317e-06, 'epoch': 10.57}
{'loss': 0.0171, 'grad_norm': 0.003507178509607911, 'learning_rate': 9.392857142857143e-06, 'epoch': 10.62}
{'loss': 0.0395, 'grad_norm': 0.09241852164268494, 'learning_rate': 9.343253968253969e-06, 'epoch': 10.66}
{'loss': 0.0325, 'grad_norm': 0.0018999188905581832, 'learning_rate': 9.293650793650795e-06, 'epoch': 10.71}
{'loss': 0.0402, 'grad_norm': 0.0030806090217083693, 'learning_rate': 9.244047619047621e-06, 'epoch': 10.76}
{'loss': 0.0274, 'grad_norm': 0.014986436814069748, 'learning_rate': 9.194444444444445e-06, 'epoch': 10.81}
{'loss': 0.0292, 'grad_norm': 176.17965698242188, 'learning_rate': 9.14484126984127e-06, 'epoch': 10.86}
{'loss': 0.0304, 'grad_norm': 0.023400558158755302, 'learning_rate': 9.095238095238095e-06, 'epoch': 10.91}
{'loss': 0.0155, 'grad_norm': 0.21140389144420624, 'learning_rate': 9.045634920634921e-06, 'epoch': 10.96}
{'eval_loss': 1.927003026008606, 'eval_accuracy': 0.760545905707196, 'eval_runtime': 2.1092, 'eval_samples_per_second': 1910.681, 'eval_steps_per_second': 119.477, 'epoch': 11.0}
{'loss': 0.0336, 'grad_norm': 0.0017355061136186123, 'learning_rate': 8.996031746031747e-06, 'epoch': 11.01}
{'loss': 0.024, 'grad_norm': 0.007611333392560482, 'learning_rate': 8.946428571428573e-06, 'epoch': 11.06}
{'loss': 0.0249, 'grad_norm': 0.007747327908873558, 'learning_rate': 8.896825396825398e-06, 'epoch': 11.11}
{'loss': 0.0234, 'grad_norm': 11.889347076416016, 'learning_rate': 8.847222222222223e-06, 'epoch': 11.16}
{'loss': 0.0106, 'grad_norm': 0.0016801743768155575, 'learning_rate': 8.797619047619048e-06, 'epoch': 11.21}
{'loss': 0.0471, 'grad_norm': 0.003272680100053549, 'learning_rate': 8.748015873015874e-06, 'epoch': 11.26}
{'loss': 0.0198, 'grad_norm': 0.00737263448536396, 'learning_rate': 8.6984126984127e-06, 'epoch': 11.31}
{'loss': 0.03, 'grad_norm': 0.0020221618469804525, 'learning_rate': 8.648809523809526e-06, 'epoch': 11.36}
{'loss': 0.0156, 'grad_norm': 0.06898558139801025, 'learning_rate': 8.59920634920635e-06, 'epoch': 11.41}
{'loss': 0.0278, 'grad_norm': 0.0010360946180298924, 'learning_rate': 8.549603174603176e-06, 'epoch': 11.46}
{'loss': 0.0131, 'grad_norm': 0.004134651739150286, 'learning_rate': 8.5e-06, 'epoch': 11.51}
{'loss': 0.0072, 'grad_norm': 0.03675497695803642, 'learning_rate': 8.450396825396826e-06, 'epoch': 11.56}
{'loss': 0.026, 'grad_norm': 0.004488596227020025, 'learning_rate': 8.400793650793652e-06, 'epoch': 11.61}
{'loss': 0.0033, 'grad_norm': 0.009957375004887581, 'learning_rate': 8.351190476190478e-06, 'epoch': 11.66}
{'loss': 0.0342, 'grad_norm': 0.003993400372564793, 'learning_rate': 8.301587301587302e-06, 'epoch': 11.71}
{'loss': 0.0272, 'grad_norm': 0.005216535646468401, 'learning_rate': 8.251984126984128e-06, 'epoch': 11.76}
{'loss': 0.0226, 'grad_norm': 0.004461212083697319, 'learning_rate': 8.202380952380952e-06, 'epoch': 11.81}
{'loss': 0.0307, 'grad_norm': 62.36067581176758, 'learning_rate': 8.152777777777778e-06, 'epoch': 11.86}
{'loss': 0.0112, 'grad_norm': 0.006409156136214733, 'learning_rate': 8.103174603174604e-06, 'epoch': 11.9}
{'loss': 0.0216, 'grad_norm': 121.90684509277344, 'learning_rate': 8.05357142857143e-06, 'epoch': 11.95}
{'eval_loss': 2.098219871520996, 'eval_accuracy': 0.7563275434243176, 'eval_runtime': 2.1119, 'eval_samples_per_second': 1908.249, 'eval_steps_per_second': 119.325, 'epoch': 12.0}
{'loss': 0.022, 'grad_norm': 0.0013649864122271538, 'learning_rate': 8.003968253968254e-06, 'epoch': 12.0}
{'loss': 0.0207, 'grad_norm': 0.001027613296173513, 'learning_rate': 7.95436507936508e-06, 'epoch': 12.05}
{'loss': 0.0001, 'grad_norm': 0.0010308296186849475, 'learning_rate': 7.904761904761904e-06, 'epoch': 12.1}
{'loss': 0.0036, 'grad_norm': 0.13077867031097412, 'learning_rate': 7.85515873015873e-06, 'epoch': 12.15}
{'loss': 0.0038, 'grad_norm': 0.005101858172565699, 'learning_rate': 7.805555555555556e-06, 'epoch': 12.2}
{'loss': 0.058, 'grad_norm': 0.006856120657175779, 'learning_rate': 7.755952380952382e-06, 'epoch': 12.25}
{'loss': 0.0167, 'grad_norm': 0.0022255906369537115, 'learning_rate': 7.706349206349208e-06, 'epoch': 12.3}
{'loss': 0.0212, 'grad_norm': 0.0019198391819372773, 'learning_rate': 7.656746031746032e-06, 'epoch': 12.35}
{'loss': 0.037, 'grad_norm': 0.0006520267925225198, 'learning_rate': 7.6071428571428575e-06, 'epoch': 12.4}
{'loss': 0.0395, 'grad_norm': 0.0065104165114462376, 'learning_rate': 7.557539682539683e-06, 'epoch': 12.45}
{'loss': 0.0228, 'grad_norm': 1.785173773765564, 'learning_rate': 7.5079365079365085e-06, 'epoch': 12.5}
{'loss': 0.0417, 'grad_norm': 0.8734153509140015, 'learning_rate': 7.4583333333333345e-06, 'epoch': 12.55}
{'loss': 0.0068, 'grad_norm': 72.06436157226562, 'learning_rate': 7.40873015873016e-06, 'epoch': 12.6}
{'loss': 0.0048, 'grad_norm': 0.4019917845726013, 'learning_rate': 7.3591269841269855e-06, 'epoch': 12.65}
{'loss': 0.0263, 'grad_norm': 22.400230407714844, 'learning_rate': 7.30952380952381e-06, 'epoch': 12.7}
{'loss': 0.0152, 'grad_norm': 0.0007129081641323864, 'learning_rate': 7.259920634920635e-06, 'epoch': 12.75}
{'loss': 0.0393, 'grad_norm': 0.0016693611396476626, 'learning_rate': 7.2113095238095244e-06, 'epoch': 12.8}
{'loss': 0.0297, 'grad_norm': 0.07085379213094711, 'learning_rate': 7.1617063492063495e-06, 'epoch': 12.85}
{'loss': 0.0079, 'grad_norm': 0.000599152292124927, 'learning_rate': 7.1121031746031755e-06, 'epoch': 12.9}
{'loss': 0.0336, 'grad_norm': 0.025695011019706726, 'learning_rate': 7.062500000000001e-06, 'epoch': 12.95}
{'loss': 0.0121, 'grad_norm': 0.18048986792564392, 'learning_rate': 7.012896825396826e-06, 'epoch': 13.0}
{'eval_loss': 2.0712978839874268, 'eval_accuracy': 0.7612903225806451, 'eval_runtime': 2.1176, 'eval_samples_per_second': 1903.064, 'eval_steps_per_second': 119.001, 'epoch': 13.0}
{'loss': 0.005, 'grad_norm': 0.006146721541881561, 'learning_rate': 6.963293650793651e-06, 'epoch': 13.05}
{'loss': 0.0091, 'grad_norm': 0.014120150357484818, 'learning_rate': 6.913690476190477e-06, 'epoch': 13.1}
{'loss': 0.0054, 'grad_norm': 0.0007666033343411982, 'learning_rate': 6.864087301587302e-06, 'epoch': 13.14}
{'loss': 0.0219, 'grad_norm': 0.004313662648200989, 'learning_rate': 6.814484126984128e-06, 'epoch': 13.19}
{'loss': 0.0173, 'grad_norm': 0.6858428716659546, 'learning_rate': 6.764880952380954e-06, 'epoch': 13.24}
{'loss': 0.0096, 'grad_norm': 0.0007860296173021197, 'learning_rate': 6.715277777777778e-06, 'epoch': 13.29}
{'loss': 0.0164, 'grad_norm': 0.0005948609323240817, 'learning_rate': 6.665674603174603e-06, 'epoch': 13.34}
{'loss': 0.0229, 'grad_norm': 0.002146427985280752, 'learning_rate': 6.616071428571429e-06, 'epoch': 13.39}
{'loss': 0.0173, 'grad_norm': 0.005605942569673061, 'learning_rate': 6.566468253968255e-06, 'epoch': 13.44}
{'loss': 0.02, 'grad_norm': 29.010778427124023, 'learning_rate': 6.51686507936508e-06, 'epoch': 13.49}
{'loss': 0.0351, 'grad_norm': 0.0005720589542761445, 'learning_rate': 6.467261904761906e-06, 'epoch': 13.54}
{'loss': 0.0354, 'grad_norm': 0.01122375950217247, 'learning_rate': 6.417658730158731e-06, 'epoch': 13.59}
{'loss': 0.0102, 'grad_norm': 0.0008480864344164729, 'learning_rate': 6.368055555555555e-06, 'epoch': 13.64}
{'loss': 0.0242, 'grad_norm': 0.0009047766216099262, 'learning_rate': 6.318452380952381e-06, 'epoch': 13.69}
{'loss': 0.002, 'grad_norm': 0.0012880751164630055, 'learning_rate': 6.26984126984127e-06, 'epoch': 13.74}
{'loss': 0.0114, 'grad_norm': 0.0007573941838927567, 'learning_rate': 6.220238095238096e-06, 'epoch': 13.79}
{'loss': 0.0008, 'grad_norm': 0.0009426092728972435, 'learning_rate': 6.170634920634922e-06, 'epoch': 13.84}
{'loss': 0.0211, 'grad_norm': 0.2724629342556, 'learning_rate': 6.121031746031747e-06, 'epoch': 13.89}
{'loss': 0.0009, 'grad_norm': 0.013424048200249672, 'learning_rate': 6.071428571428571e-06, 'epoch': 13.94}
{'loss': 0.0272, 'grad_norm': 97.91046142578125, 'learning_rate': 6.021825396825397e-06, 'epoch': 13.99}
{'eval_loss': 2.163541793823242, 'eval_accuracy': 0.758560794044665, 'eval_runtime': 2.1155, 'eval_samples_per_second': 1904.985, 'eval_steps_per_second': 119.121, 'epoch': 14.0}
{'loss': 0.0207, 'grad_norm': 0.033446770161390305, 'learning_rate': 5.972222222222222e-06, 'epoch': 14.04}
{'loss': 0.0041, 'grad_norm': 0.0007424557697959244, 'learning_rate': 5.922619047619048e-06, 'epoch': 14.09}
{'loss': 0.0143, 'grad_norm': 0.00041356103611178696, 'learning_rate': 5.873015873015874e-06, 'epoch': 14.14}
{'loss': 0.0309, 'grad_norm': 0.0005291178822517395, 'learning_rate': 5.823412698412699e-06, 'epoch': 14.19}
{'loss': 0.0261, 'grad_norm': 0.0011819539358839393, 'learning_rate': 5.773809523809523e-06, 'epoch': 14.24}
{'loss': 0.0004, 'grad_norm': 0.0030900337733328342, 'learning_rate': 5.724206349206349e-06, 'epoch': 14.29}
{'loss': 0.0145, 'grad_norm': 0.0006822517607361078, 'learning_rate': 5.674603174603175e-06, 'epoch': 14.34}
{'loss': 0.0131, 'grad_norm': 0.000992869259789586, 'learning_rate': 5.625e-06, 'epoch': 14.38}
{'loss': 0.0021, 'grad_norm': 0.0031435959972441196, 'learning_rate': 5.575396825396826e-06, 'epoch': 14.43}
{'loss': 0.0148, 'grad_norm': 0.06647929549217224, 'learning_rate': 5.525793650793651e-06, 'epoch': 14.48}
{'loss': 0.0165, 'grad_norm': 0.0006155046285130084, 'learning_rate': 5.476190476190477e-06, 'epoch': 14.53}
{'loss': 0.0088, 'grad_norm': 2.9246652126312256, 'learning_rate': 5.4265873015873016e-06, 'epoch': 14.58}
{'loss': 0.0216, 'grad_norm': 0.16429239511489868, 'learning_rate': 5.3769841269841275e-06, 'epoch': 14.63}
{'loss': 0.0128, 'grad_norm': 0.0005420434754341841, 'learning_rate': 5.327380952380953e-06, 'epoch': 14.68}
{'loss': 0.0225, 'grad_norm': 0.7717035412788391, 'learning_rate': 5.2777777777777785e-06, 'epoch': 14.73}
{'loss': 0.0181, 'grad_norm': 0.00076672324212268, 'learning_rate': 5.228174603174604e-06, 'epoch': 14.78}
{'loss': 0.0083, 'grad_norm': 0.0005349658895283937, 'learning_rate': 5.1785714285714296e-06, 'epoch': 14.83}
{'loss': 0.0164, 'grad_norm': 0.004029339645057917, 'learning_rate': 5.128968253968254e-06, 'epoch': 14.88}
{'loss': 0.0376, 'grad_norm': 0.0010477298637852073, 'learning_rate': 5.07936507936508e-06, 'epoch': 14.93}
{'loss': 0.0031, 'grad_norm': 0.0019673502538353205, 'learning_rate': 5.029761904761905e-06, 'epoch': 14.98}
{'eval_loss': 2.121528148651123, 'eval_accuracy': 0.7660049627791563, 'eval_runtime': 2.2377, 'eval_samples_per_second': 1800.944, 'eval_steps_per_second': 112.615, 'epoch': 15.0}
{'loss': 0.0121, 'grad_norm': 0.000607656198553741, 'learning_rate': 4.980158730158731e-06, 'epoch': 15.03}
{'loss': 0.0086, 'grad_norm': 0.0012586896773427725, 'learning_rate': 4.930555555555556e-06, 'epoch': 15.08}
{'loss': 0.0015, 'grad_norm': 0.0009428347111679614, 'learning_rate': 4.880952380952381e-06, 'epoch': 15.13}
{'loss': 0.0003, 'grad_norm': 0.00100325932726264, 'learning_rate': 4.831349206349207e-06, 'epoch': 15.18}
{'loss': 0.0007, 'grad_norm': 0.0004145293787587434, 'learning_rate': 4.781746031746032e-06, 'epoch': 15.23}
{'loss': 0.0149, 'grad_norm': 0.0006788512109778821, 'learning_rate': 4.732142857142857e-06, 'epoch': 15.28}
{'loss': 0.0084, 'grad_norm': 0.0005684707430191338, 'learning_rate': 4.682539682539683e-06, 'epoch': 15.33}
{'loss': 0.0133, 'grad_norm': 1.7020621299743652, 'learning_rate': 4.632936507936508e-06, 'epoch': 15.38}
{'loss': 0.002, 'grad_norm': 0.0009523332701064646, 'learning_rate': 4.583333333333333e-06, 'epoch': 15.43}
{'loss': 0.0079, 'grad_norm': 111.13668060302734, 'learning_rate': 4.533730158730159e-06, 'epoch': 15.48}
{'loss': 0.0098, 'grad_norm': 0.0003387119504623115, 'learning_rate': 4.484126984126984e-06, 'epoch': 15.53}
{'loss': 0.025, 'grad_norm': 0.0010339360451325774, 'learning_rate': 4.434523809523809e-06, 'epoch': 15.58}
{'loss': 0.0262, 'grad_norm': 0.0005609922809526324, 'learning_rate': 4.384920634920635e-06, 'epoch': 15.62}
{'loss': 0.014, 'grad_norm': 0.0005197696154937148, 'learning_rate': 4.335317460317461e-06, 'epoch': 15.67}
{'loss': 0.0034, 'grad_norm': 0.00037516216980293393, 'learning_rate': 4.2857142857142855e-06, 'epoch': 15.72}
{'loss': 0.0264, 'grad_norm': 0.002402647165581584, 'learning_rate': 4.236111111111111e-06, 'epoch': 15.77}
{'loss': 0.013, 'grad_norm': 0.0006238429341465235, 'learning_rate': 4.186507936507937e-06, 'epoch': 15.82}
{'loss': 0.0418, 'grad_norm': 0.033559687435626984, 'learning_rate': 4.136904761904762e-06, 'epoch': 15.87}
{'loss': 0.0078, 'grad_norm': 14.270143508911133, 'learning_rate': 4.0873015873015875e-06, 'epoch': 15.92}
{'loss': 0.0004, 'grad_norm': 0.0015551919350400567, 'learning_rate': 4.0376984126984135e-06, 'epoch': 15.97}
{'eval_loss': 2.2122788429260254, 'eval_accuracy': 0.7617866004962779, 'eval_runtime': 2.1102, 'eval_samples_per_second': 1909.803, 'eval_steps_per_second': 119.422, 'epoch': 16.0}
{'loss': 0.0018, 'grad_norm': 0.0006525956559926271, 'learning_rate': 3.9880952380952386e-06, 'epoch': 16.02}
{'loss': 0.0027, 'grad_norm': 0.0005285314400680363, 'learning_rate': 3.938492063492064e-06, 'epoch': 16.07}
{'loss': 0.0179, 'grad_norm': 18.59150505065918, 'learning_rate': 3.88888888888889e-06, 'epoch': 16.12}
{'loss': 0.0119, 'grad_norm': 0.006591993849724531, 'learning_rate': 3.839285714285715e-06, 'epoch': 16.17}
{'loss': 0.002, 'grad_norm': 0.0005148010677658021, 'learning_rate': 3.7896825396825398e-06, 'epoch': 16.22}
{'loss': 0.0024, 'grad_norm': 0.0005368569400161505, 'learning_rate': 3.7400793650793653e-06, 'epoch': 16.27}
{'loss': 0.0098, 'grad_norm': 0.0005518906400538981, 'learning_rate': 3.690476190476191e-06, 'epoch': 16.32}
{'loss': 0.0047, 'grad_norm': 0.020195666700601578, 'learning_rate': 3.640873015873016e-06, 'epoch': 16.37}
{'loss': 0.0243, 'grad_norm': 0.0006379710976034403, 'learning_rate': 3.592261904761905e-06, 'epoch': 16.42}
{'loss': 0.0101, 'grad_norm': 51.153316497802734, 'learning_rate': 3.5426587301587306e-06, 'epoch': 16.47}
{'loss': 0.0128, 'grad_norm': 0.0493076890707016, 'learning_rate': 3.4930555555555557e-06, 'epoch': 16.52}
{'loss': 0.0092, 'grad_norm': 0.0003807772882282734, 'learning_rate': 3.443452380952381e-06, 'epoch': 16.57}
{'loss': 0.0017, 'grad_norm': 0.002045025583356619, 'learning_rate': 3.3938492063492067e-06, 'epoch': 16.62}
{'loss': 0.0263, 'grad_norm': 3.6976521015167236, 'learning_rate': 3.3442460317460318e-06, 'epoch': 16.67}
{'loss': 0.0089, 'grad_norm': 0.010098500177264214, 'learning_rate': 3.2946428571428573e-06, 'epoch': 16.72}
{'loss': 0.0278, 'grad_norm': 0.000423402147134766, 'learning_rate': 3.245039682539683e-06, 'epoch': 16.77}
{'loss': 0.0018, 'grad_norm': 0.000530279881786555, 'learning_rate': 3.195436507936508e-06, 'epoch': 16.82}
{'loss': 0.005, 'grad_norm': 0.03987577557563782, 'learning_rate': 3.1458333333333334e-06, 'epoch': 16.87}
{'loss': 0.0024, 'grad_norm': 0.0004213653737679124, 'learning_rate': 3.096230158730159e-06, 'epoch': 16.91}
{'loss': 0.0132, 'grad_norm': 0.00112193264067173, 'learning_rate': 3.046626984126984e-06, 'epoch': 16.96}
{'eval_loss': 2.212200403213501, 'eval_accuracy': 0.7632754342431762, 'eval_runtime': 2.0975, 'eval_samples_per_second': 1921.297, 'eval_steps_per_second': 120.141, 'epoch': 17.0}
{'loss': 0.0, 'grad_norm': 0.002138082403689623, 'learning_rate': 2.9970238095238095e-06, 'epoch': 17.01}
{'loss': 0.022, 'grad_norm': 0.0007228801841847599, 'learning_rate': 2.947420634920635e-06, 'epoch': 17.06}
{'loss': 0.0092, 'grad_norm': 0.0011568873887881637, 'learning_rate': 2.897817460317461e-06, 'epoch': 17.11}
{'loss': 0.0078, 'grad_norm': 0.000687437248416245, 'learning_rate': 2.8482142857142857e-06, 'epoch': 17.16}
{'loss': 0.0122, 'grad_norm': 0.0037937818560749292, 'learning_rate': 2.798611111111111e-06, 'epoch': 17.21}
{'loss': 0.0026, 'grad_norm': 0.008115815930068493, 'learning_rate': 2.749007936507937e-06, 'epoch': 17.26}
{'loss': 0.0063, 'grad_norm': 0.0012563145719468594, 'learning_rate': 2.699404761904762e-06, 'epoch': 17.31}
{'loss': 0.0054, 'grad_norm': 0.00047415500739589334, 'learning_rate': 2.6498015873015877e-06, 'epoch': 17.36}
{'loss': 0.0068, 'grad_norm': 0.0007138428627513349, 'learning_rate': 2.6001984126984132e-06, 'epoch': 17.41}
{'loss': 0.0119, 'grad_norm': 0.0009374276269227266, 'learning_rate': 2.550595238095238e-06, 'epoch': 17.46}
{'loss': 0.0007, 'grad_norm': 0.0020159666892141104, 'learning_rate': 2.500992063492064e-06, 'epoch': 17.51}
{'loss': 0.0023, 'grad_norm': 0.08881529420614243, 'learning_rate': 2.451388888888889e-06, 'epoch': 17.56}
{'loss': 0.0061, 'grad_norm': 0.0008440730161964893, 'learning_rate': 2.4017857142857145e-06, 'epoch': 17.61}
{'loss': 0.0265, 'grad_norm': 0.0013254769146442413, 'learning_rate': 2.35218253968254e-06, 'epoch': 17.66}
{'loss': 0.0182, 'grad_norm': 0.0004860958142671734, 'learning_rate': 2.302579365079365e-06, 'epoch': 17.71}
{'loss': 0.0116, 'grad_norm': 0.0004810401296708733, 'learning_rate': 2.2529761904761906e-06, 'epoch': 17.76}
{'loss': 0.0078, 'grad_norm': 0.0003962139307986945, 'learning_rate': 2.203373015873016e-06, 'epoch': 17.81}
{'loss': 0.0002, 'grad_norm': 0.0005119804991409183, 'learning_rate': 2.1537698412698416e-06, 'epoch': 17.86}
{'loss': 0.0429, 'grad_norm': 0.000505007104948163, 'learning_rate': 2.1041666666666667e-06, 'epoch': 17.91}
{'loss': 0.0026, 'grad_norm': 0.0008328163530677557, 'learning_rate': 2.0545634920634922e-06, 'epoch': 17.96}
{'eval_loss': 2.2323787212371826, 'eval_accuracy': 0.7622828784119107, 'eval_runtime': 2.1106, 'eval_samples_per_second': 1909.378, 'eval_steps_per_second': 119.395, 'epoch': 18.0}
{'loss': 0.028, 'grad_norm': 0.00043617168557830155, 'learning_rate': 2.0049603174603177e-06, 'epoch': 18.01}
{'loss': 0.0025, 'grad_norm': 0.0006719254306517541, 'learning_rate': 1.955357142857143e-06, 'epoch': 18.06}
{'loss': 0.0129, 'grad_norm': 108.1866683959961, 'learning_rate': 1.9057539682539683e-06, 'epoch': 18.11}
{'loss': 0.0013, 'grad_norm': 0.0018227463588118553, 'learning_rate': 1.8561507936507939e-06, 'epoch': 18.15}
{'loss': 0.0012, 'grad_norm': 0.00048135893302969635, 'learning_rate': 1.8065476190476192e-06, 'epoch': 18.2}
{'loss': 0.002, 'grad_norm': 0.00042933865915983915, 'learning_rate': 1.7569444444444445e-06, 'epoch': 18.25}
{'loss': 0.0023, 'grad_norm': 0.00036772756720893085, 'learning_rate': 1.70734126984127e-06, 'epoch': 18.3}
{'loss': 0.002, 'grad_norm': 0.0003879160503856838, 'learning_rate': 1.6577380952380953e-06, 'epoch': 18.35}
{'loss': 0.0116, 'grad_norm': 0.00043569019180722535, 'learning_rate': 1.6081349206349208e-06, 'epoch': 18.4}
{'loss': 0.0095, 'grad_norm': 0.000580871244892478, 'learning_rate': 1.5585317460317461e-06, 'epoch': 18.45}
{'loss': 0.0001, 'grad_norm': 0.0004108400025870651, 'learning_rate': 1.5089285714285714e-06, 'epoch': 18.5}
{'loss': 0.0002, 'grad_norm': 0.0006186222308315337, 'learning_rate': 1.4593253968253971e-06, 'epoch': 18.55}
{'loss': 0.0113, 'grad_norm': 0.0016758162528276443, 'learning_rate': 1.4097222222222222e-06, 'epoch': 18.6}
{'loss': 0.0043, 'grad_norm': 0.00034796292311511934, 'learning_rate': 1.3601190476190475e-06, 'epoch': 18.65}
{'loss': 0.0034, 'grad_norm': 0.004098191391676664, 'learning_rate': 1.3105158730158733e-06, 'epoch': 18.7}
{'loss': 0.0089, 'grad_norm': 0.00033632517443038523, 'learning_rate': 1.2609126984126986e-06, 'epoch': 18.75}
{'loss': 0.0005, 'grad_norm': 0.0007582675316371024, 'learning_rate': 1.2113095238095239e-06, 'epoch': 18.8}
{'loss': 0.0039, 'grad_norm': 0.040872227400541306, 'learning_rate': 1.1617063492063494e-06, 'epoch': 18.85}
{'loss': 0.0072, 'grad_norm': 120.99466705322266, 'learning_rate': 1.1121031746031747e-06, 'epoch': 18.9}
{'loss': 0.0009, 'grad_norm': 0.000589809671510011, 'learning_rate': 1.0625e-06, 'epoch': 18.95}
{'loss': 0.0112, 'grad_norm': 0.0005369826685637236, 'learning_rate': 1.0128968253968255e-06, 'epoch': 19.0}
{'eval_loss': 2.284494638442993, 'eval_accuracy': 0.7615384615384615, 'eval_runtime': 2.1101, 'eval_samples_per_second': 1909.879, 'eval_steps_per_second': 119.427, 'epoch': 19.0}
{'loss': 0.0002, 'grad_norm': 0.0006097741425037384, 'learning_rate': 9.63293650793651e-07, 'epoch': 19.05}
{'loss': 0.0091, 'grad_norm': 1.3738088607788086, 'learning_rate': 9.136904761904762e-07, 'epoch': 19.1}
{'loss': 0.0025, 'grad_norm': 0.015360846184194088, 'learning_rate': 8.640873015873016e-07, 'epoch': 19.15}
{'loss': 0.0018, 'grad_norm': 0.00029771184199489653, 'learning_rate': 8.14484126984127e-07, 'epoch': 19.2}
{'loss': 0.0005, 'grad_norm': 0.0009724196279421449, 'learning_rate': 7.648809523809524e-07, 'epoch': 19.25}
{'loss': 0.0, 'grad_norm': 0.005197130609303713, 'learning_rate': 7.152777777777778e-07, 'epoch': 19.3}
{'loss': 0.002, 'grad_norm': 0.00037996453465893865, 'learning_rate': 6.656746031746033e-07, 'epoch': 19.35}
{'loss': 0.0014, 'grad_norm': 0.0003406180767342448, 'learning_rate': 6.160714285714287e-07, 'epoch': 19.39}
{'loss': 0.0119, 'grad_norm': 0.00026876950869336724, 'learning_rate': 5.66468253968254e-07, 'epoch': 19.44}
{'loss': 0.0018, 'grad_norm': 0.0005471997428685427, 'learning_rate': 5.168650793650794e-07, 'epoch': 19.49}
{'loss': 0.0002, 'grad_norm': 0.0005613384419120848, 'learning_rate': 4.672619047619048e-07, 'epoch': 19.54}
{'loss': 0.006, 'grad_norm': 0.00035296278656460345, 'learning_rate': 4.1865079365079365e-07, 'epoch': 19.59}
{'loss': 0.0018, 'grad_norm': 0.0007682198192924261, 'learning_rate': 3.6904761904761906e-07, 'epoch': 19.64}
{'loss': 0.0, 'grad_norm': 0.001223155064508319, 'learning_rate': 3.1944444444444447e-07, 'epoch': 19.69}
{'loss': 0.0006, 'grad_norm': 0.022004827857017517, 'learning_rate': 2.698412698412699e-07, 'epoch': 19.74}
{'loss': 0.0112, 'grad_norm': 0.0018792530754581094, 'learning_rate': 2.2023809523809526e-07, 'epoch': 19.79}
{'loss': 0.0, 'grad_norm': 0.0005891459295526147, 'learning_rate': 1.7063492063492064e-07, 'epoch': 19.84}
{'loss': 0.0007, 'grad_norm': 0.0019091665744781494, 'learning_rate': 1.2103174603174605e-07, 'epoch': 19.89}
{'loss': 0.0034, 'grad_norm': 0.00025757282855920494, 'learning_rate': 7.142857142857144e-08, 'epoch': 19.94}
{'loss': 0.0046, 'grad_norm': 0.0003578188188839704, 'learning_rate': 2.1825396825396826e-08, 'epoch': 19.99}
{'eval_loss': 2.3014307022094727, 'eval_accuracy': 0.7625310173697271, 'eval_runtime': 2.1098, 'eval_samples_per_second': 1910.167, 'eval_steps_per_second': 119.445, 'epoch': 20.0}
{'train_runtime': 620.9988, 'train_samples_per_second': 519.099, 'train_steps_per_second': 32.464, 'train_loss': 0.10309091116332206, 'epoch': 20.0}

==================================================
FINAL EVALUATION METRICS:
==================================================
Accuracy: 0.7625 (76.25%)
Loss: 2.3014
==================================================

Training complete! Metrics saved.
